\BOOKMARK [1][-]{section.1}{\376\377\000M\000i\000n\000d\000s\000e\000t\000\040\000\046\000\040\000S\000c\000o\000p\000e}{}% 1
\BOOKMARK [1][-]{section.2}{\376\377\000D\000a\000t\000a\000\040\000T\000y\000p\000e\000s\000\040\000\050\000c\000o\000r\000e\000\040\000+\000\040\000P\000G\000\040\000e\000x\000t\000r\000a\000s\000\051}{}% 2
\BOOKMARK [1][-]{section.3}{\376\377\000S\000c\000h\000e\000m\000a\000s\000,\000\040\000D\000a\000t\000a\000b\000a\000s\000e\000s\000,\000\040\000S\000e\000a\000r\000c\000h\000\040\000P\000a\000t\000h}{}% 3
\BOOKMARK [1][-]{section.4}{\376\377\000D\000D\000L\000:\000\040\000T\000a\000b\000l\000e\000s\000,\000\040\000C\000o\000n\000s\000t\000r\000a\000i\000n\000t\000s\000,\000\040\000I\000d\000e\000n\000t\000i\000t\000y\000,\000\040\000G\000e\000n\000e\000r\000a\000t\000e\000d\000\040\000C\000o\000l\000u\000m\000n\000s}{}% 4
\BOOKMARK [2][-]{subsection.4.1}{\376\377\000C\000r\000e\000a\000t\000e\000\040\000t\000a\000b\000l\000e\000s}{section.4}% 5
\BOOKMARK [2][-]{subsection.4.2}{\376\377\000A\000l\000t\000e\000r\000i\000n\000g\000\040\000\046\000\040\000d\000r\000o\000p\000p\000i\000n\000g}{section.4}% 6
\BOOKMARK [2][-]{subsection.4.3}{\376\377\000I\000n\000d\000e\000x\000e\000s\000\040\000\050\000b\000t\000r\000e\000e\000\040\000d\000e\000f\000a\000u\000l\000t\000\051\000\040\000a\000n\000d\000\040\000a\000d\000v\000a\000n\000c\000e\000d\000\040\000t\000y\000p\000e\000s}{section.4}% 7
\BOOKMARK [1][-]{section.5}{\376\377\000D\000M\000L\000:\000\040\000I\000N\000S\000E\000R\000T\000,\000\040\000U\000P\000D\000A\000T\000E\000,\000\040\000D\000E\000L\000E\000T\000E\000,\000\040\000M\000E\000R\000G\000E\000,\000\040\000U\000P\000S\000E\000R\000T}{}% 8
\BOOKMARK [1][-]{section.6}{\376\377\000D\000Q\000L\000:\000\040\000S\000E\000L\000E\000C\000T\000\040\000C\000o\000r\000e}{}% 9
\BOOKMARK [2][-]{subsection.6.1}{\376\377\000P\000r\000o\000j\000e\000c\000t\000i\000o\000n\000,\000\040\000f\000i\000l\000t\000e\000r\000i\000n\000g\000,\000\040\000o\000r\000d\000e\000r\000i\000n\000g\000,\000\040\000l\000i\000m\000i\000t\000s}{section.6}% 10
\BOOKMARK [2][-]{subsection.6.2}{\376\377\000J\000o\000i\000n\000s}{section.6}% 11
\BOOKMARK [2][-]{subsection.6.3}{\376\377\000A\000g\000g\000r\000e\000g\000a\000t\000e\000s\000\040\000\046\000\040\000G\000R\000O\000U\000P\000\040\000B\000Y}{section.6}% 12
\BOOKMARK [2][-]{subsection.6.4}{\376\377\000W\000i\000n\000d\000o\000w\000\040\000f\000u\000n\000c\000t\000i\000o\000n\000s\000\040\000\050\000a\000n\000a\000l\000y\000t\000i\000c\000\051}{section.6}% 13
\BOOKMARK [2][-]{subsection.6.5}{\376\377\000S\000u\000b\000q\000u\000e\000r\000i\000e\000s\000\040\000\046\000\040\000C\000T\000E\000s}{section.6}% 14
\BOOKMARK [2][-]{subsection.6.6}{\376\377\000R\000e\000c\000u\000r\000s\000i\000v\000e\000\040\000C\000T\000E}{section.6}% 15
\BOOKMARK [1][-]{section.7}{\376\377\000A\000r\000r\000a\000y\000s\000\040\000\046\000\040\000J\000S\000O\000N\000\040\000\050\000P\000o\000s\000t\000g\000r\000e\000s\000\040\000s\000u\000p\000e\000r\000p\000o\000w\000e\000r\000s\000\051}{}% 16
\BOOKMARK [2][-]{subsection.7.1}{\376\377\000A\000r\000r\000a\000y\000s}{section.7}% 17
\BOOKMARK [2][-]{subsection.7.2}{\376\377\000J\000S\000O\000N\000B}{section.7}% 18
\BOOKMARK [1][-]{section.8}{\376\377\000R\000a\000n\000g\000e\000\040\000T\000y\000p\000e\000s\000\040\000\046\000\040\000E\000x\000c\000l\000u\000s\000i\000o\000n\000\040\000C\000o\000n\000s\000t\000r\000a\000i\000n\000t\000s}{}% 19
\BOOKMARK [1][-]{section.9}{\376\377\000F\000u\000l\000l\000-\000T\000e\000x\000t\000\040\000S\000e\000a\000r\000c\000h\000\040\000\050\000F\000T\000S\000\051}{}% 20
\BOOKMARK [1][-]{section.10}{\376\377\000V\000i\000e\000w\000s\000\040\000\046\000\040\000M\000a\000t\000e\000r\000i\000a\000l\000i\000z\000e\000d\000\040\000V\000i\000e\000w\000s}{}% 21
\BOOKMARK [1][-]{section.11}{\376\377\000S\000e\000q\000u\000e\000n\000c\000e\000s\000\040\000\046\000\040\000I\000d\000e\000n\000t\000i\000t\000y}{}% 22
\BOOKMARK [1][-]{section.12}{\376\377\000C\000o\000n\000s\000t\000r\000a\000i\000n\000t\000s\000:\000\040\000D\000E\000F\000E\000R\000R\000A\000B\000L\000E\000\040\000\046\000\040\000T\000r\000i\000g\000g\000e\000r\000s}{}% 23
\BOOKMARK [1][-]{section.13}{\376\377\000P\000a\000r\000t\000i\000t\000i\000o\000n\000i\000n\000g\000\040\000\050\000r\000a\000n\000g\000e\000,\000\040\000l\000i\000s\000t\000,\000\040\000h\000a\000s\000h\000\051}{}% 24
\BOOKMARK [1][-]{section.14}{\376\377\000T\000r\000a\000n\000s\000a\000c\000t\000i\000o\000n\000s\000\040\000\050\000T\000C\000L\000\051\000,\000\040\000I\000s\000o\000l\000a\000t\000i\000o\000n\000,\000\040\000L\000o\000c\000k\000s}{}% 25
\BOOKMARK [2][-]{subsection.14.1}{\376\377\000B\000a\000s\000i\000c\000s}{section.14}% 26
\BOOKMARK [2][-]{subsection.14.2}{\376\377\000I\000s\000o\000l\000a\000t\000i\000o\000n\000\040\000l\000e\000v\000e\000l\000s}{section.14}% 27
\BOOKMARK [2][-]{subsection.14.3}{\376\377\000E\000x\000p\000l\000i\000c\000i\000t\000\040\000l\000o\000c\000k\000s\000\040\000\050\000u\000s\000e\000\040\000s\000p\000a\000r\000i\000n\000g\000l\000y\000\051}{section.14}% 28
\BOOKMARK [1][-]{section.15}{\376\377\000S\000e\000c\000u\000r\000i\000t\000y\000\040\000\050\000D\000C\000L\000\051\000:\000\040\000R\000o\000l\000e\000s\000,\000\040\000P\000r\000i\000v\000i\000l\000e\000g\000e\000s\000,\000\040\000R\000o\000w\000-\000L\000e\000v\000e\000l\000\040\000S\000e\000c\000u\000r\000i\000t\000y}{}% 29
\BOOKMARK [1][-]{section.16}{\376\377\000Q\000u\000e\000r\000y\000\040\000P\000l\000a\000n\000n\000i\000n\000g\000\040\000\046\000\040\000P\000e\000r\000f\000o\000r\000m\000a\000n\000c\000e\000\040\000H\000y\000g\000i\000e\000n\000e}{}% 30
\BOOKMARK [1][-]{section.17}{\376\377\000C\000o\000m\000m\000o\000n\000\040\000T\000a\000b\000l\000e\000\040\000P\000a\000t\000t\000e\000r\000n\000s\000\040\000\046\000\040\000I\000d\000i\000o\000m\000s}{}% 31
\BOOKMARK [2][-]{subsection.17.1}{\376\377\000U\000p\000s\000e\000r\000t\000\040\000w\000i\000t\000h\000\040\000c\000o\000n\000f\000l\000i\000c\000t\000\040\000t\000a\000r\000g\000e\000t\000\040\000e\000x\000p\000r\000e\000s\000s\000i\000o\000n}{section.17}% 32
\BOOKMARK [2][-]{subsection.17.2}{\376\377\000K\000e\000y\000s\000e\000t\000\040\000p\000a\000g\000i\000n\000a\000t\000i\000o\000n}{section.17}% 33
\BOOKMARK [2][-]{subsection.17.3}{\376\377\000P\000i\000v\000o\000t\000-\000i\000s\000h\000\040\000a\000g\000g\000r\000e\000g\000a\000t\000e\000s}{section.17}% 34
\BOOKMARK [2][-]{subsection.17.4}{\376\377\000D\000i\000s\000t\000i\000n\000c\000t\000-\000o\000n\000\040\000\050\000P\000G\000\040\000f\000e\000a\000t\000u\000r\000e\000\051}{section.17}% 35
\BOOKMARK [1][-]{section.18}{\376\377\000A\000d\000v\000a\000n\000c\000e\000d\000\040\000J\000o\000i\000n\000s\000\040\000\046\000\040\000S\000e\000t\000\040\000O\000p\000e\000r\000a\000t\000i\000o\000n\000s}{}% 36
\BOOKMARK [1][-]{section.19}{\376\377\000E\000r\000r\000o\000r\000\040\000H\000a\000n\000d\000l\000i\000n\000g\000\040\000\046\000\040\000C\000o\000n\000s\000t\000r\000a\000i\000n\000t\000s\000\040\000i\000n\000\040\000P\000r\000a\000c\000t\000i\000c\000e}{}% 37
\BOOKMARK [1][-]{section.20}{\376\377\000T\000r\000i\000g\000g\000e\000r\000s\000\040\000\046\000\040\000P\000L\000/\000p\000g\000S\000Q\000L\000\040\000\050\000s\000k\000e\000t\000c\000h\000\051}{}% 38
\BOOKMARK [1][-]{section.21}{\376\377\000E\000x\000t\000e\000n\000s\000i\000o\000n\000s\000\040\000\046\000\040\000F\000D\000W}{}% 39
\BOOKMARK [1][-]{section.22}{\376\377\000T\000e\000m\000p\000o\000r\000a\000l\000\040\000P\000a\000t\000t\000e\000r\000n\000s}{}% 40
\BOOKMARK [1][-]{section.23}{\376\377\000A\000d\000m\000i\000n\000\040\000O\000d\000d\000s\000\040\000\046\000\040\000E\000n\000d\000s\000\040\000\050\000p\000s\000q\000l\000\040\000m\000e\000t\000a\000,\000\040\000s\000a\000f\000e\000\040\000d\000e\000f\000a\000u\000l\000t\000s\000\051}{}% 41
\BOOKMARK [1][-]{section.24}{\376\377\000C\000o\000m\000m\000o\000n\000\040\000P\000i\000t\000f\000a\000l\000l\000s\000\040\000\050\000N\000i\000t\000p\000i\000c\000k\000s\000\051}{}% 42
\BOOKMARK [1][-]{section.25}{\376\377\000M\000i\000n\000i\000m\000a\000l\000\040\000E\000n\000d\000-\000t\000o\000-\000E\000n\000d\000\040\000E\000x\000a\000m\000p\000l\000e}{}% 43
\BOOKMARK [1][-]{section.26}{\376\377\000W\000h\000e\000r\000e\000\040\000t\000h\000i\000s\000\040\000f\000i\000t\000s\000\040\000i\000n\000\040\000a\000\040\000c\000u\000r\000r\000i\000c\000u\000l\000u\000m}{}% 44
\BOOKMARK [1][-]{section.27}{\376\377\000F\000u\000r\000t\000h\000e\000r\000\040\000S\000t\000u\000d\000y\000\040\000P\000o\000i\000n\000t\000e\000r\000s\000\040\000\050\000c\000o\000n\000c\000e\000p\000t\000u\000a\000l\000\051}{}% 45
